Determining if the pthread_create exist failed with the following output:
Change Dir: /home/swc/ChatSocket/Server/build/nghttp2-prefix/src/nghttp2-build/CMakeFiles/CMakeTmp

Run Build Command:"/usr/bin/make" "cmTC_5f996/fast"
make[3]: 디렉터리 '/home/swc/ChatSocket/Server/build/nghttp2-prefix/src/nghttp2-build/CMakeFiles/CMakeTmp' 들어감
/usr/bin/make -f CMakeFiles/cmTC_5f996.dir/build.make CMakeFiles/cmTC_5f996.dir/build
make[4]: 디렉터리 '/home/swc/ChatSocket/Server/build/nghttp2-prefix/src/nghttp2-build/CMakeFiles/CMakeTmp' 들어감
Building C object CMakeFiles/cmTC_5f996.dir/CheckSymbolExists.c.o
/usr/bin/cc     -o CMakeFiles/cmTC_5f996.dir/CheckSymbolExists.c.o   -c /home/swc/ChatSocket/Server/build/nghttp2-prefix/src/nghttp2-build/CMakeFiles/CMakeTmp/CheckSymbolExists.c
Linking C executable cmTC_5f996
/usr/bin/cmake -E cmake_link_script CMakeFiles/cmTC_5f996.dir/link.txt --verbose=1
/usr/bin/cc       CMakeFiles/cmTC_5f996.dir/CheckSymbolExists.c.o  -o cmTC_5f996 -rdynamic 
CMakeFiles/cmTC_5f996.dir/CheckSymbolExists.c.o: In function `main':
CheckSymbolExists.c:(.text+0x16): undefined reference to `pthread_create'
collect2: error: ld returned 1 exit status
CMakeFiles/cmTC_5f996.dir/build.make:97: 'cmTC_5f996' 타겟에 대한 명령이 실패했습니다
make[4]: *** [cmTC_5f996] 오류 1
make[4]: 디렉터리 '/home/swc/ChatSocket/Server/build/nghttp2-prefix/src/nghttp2-build/CMakeFiles/CMakeTmp' 나감
Makefile:126: 'cmTC_5f996/fast' 타겟에 대한 명령이 실패했습니다
make[3]: *** [cmTC_5f996/fast] 오류 2
make[3]: 디렉터리 '/home/swc/ChatSocket/Server/build/nghttp2-prefix/src/nghttp2-build/CMakeFiles/CMakeTmp' 나감

File /home/swc/ChatSocket/Server/build/nghttp2-prefix/src/nghttp2-build/CMakeFiles/CMakeTmp/CheckSymbolExists.c:
/* */
#include <pthread.h>

int main(int argc, char** argv)
{
  (void)argv;
#ifndef pthread_create
  return ((int*)(&pthread_create))[argc];
#else
  (void)argc;
  return 0;
#endif
}

Determining if the function pthread_create exists in the pthreads failed with the following output:
Change Dir: /home/swc/ChatSocket/Server/build/nghttp2-prefix/src/nghttp2-build/CMakeFiles/CMakeTmp

Run Build Command:"/usr/bin/make" "cmTC_b63f9/fast"
make[3]: 디렉터리 '/home/swc/ChatSocket/Server/build/nghttp2-prefix/src/nghttp2-build/CMakeFiles/CMakeTmp' 들어감
/usr/bin/make -f CMakeFiles/cmTC_b63f9.dir/build.make CMakeFiles/cmTC_b63f9.dir/build
make[4]: 디렉터리 '/home/swc/ChatSocket/Server/build/nghttp2-prefix/src/nghttp2-build/CMakeFiles/CMakeTmp' 들어감
Building C object CMakeFiles/cmTC_b63f9.dir/CheckFunctionExists.c.o
/usr/bin/cc    -DCHECK_FUNCTION_EXISTS=pthread_create   -o CMakeFiles/cmTC_b63f9.dir/CheckFunctionExists.c.o   -c /usr/share/cmake-3.5/Modules/CheckFunctionExists.c
Linking C executable cmTC_b63f9
/usr/bin/cmake -E cmake_link_script CMakeFiles/cmTC_b63f9.dir/link.txt --verbose=1
/usr/bin/cc   -DCHECK_FUNCTION_EXISTS=pthread_create    CMakeFiles/cmTC_b63f9.dir/CheckFunctionExists.c.o  -o cmTC_b63f9 -rdynamic -lpthreads 
/usr/bin/x86_64-linux-gnu-ld: cannot find -lpthreads
collect2: error: ld returned 1 exit status
CMakeFiles/cmTC_b63f9.dir/build.make:97: 'cmTC_b63f9' 타겟에 대한 명령이 실패했습니다
make[4]: *** [cmTC_b63f9] 오류 1
make[4]: 디렉터리 '/home/swc/ChatSocket/Server/build/nghttp2-prefix/src/nghttp2-build/CMakeFiles/CMakeTmp' 나감
Makefile:126: 'cmTC_b63f9/fast' 타겟에 대한 명령이 실패했습니다
make[3]: *** [cmTC_b63f9/fast] 오류 2
make[3]: 디렉터리 '/home/swc/ChatSocket/Server/build/nghttp2-prefix/src/nghttp2-build/CMakeFiles/CMakeTmp' 나감


Performing C SOURCE FILE Test C_FLAG__Wshorten_64_to_32 failed with the following output:
Change Dir: /home/swc/ChatSocket/Server/build/nghttp2-prefix/src/nghttp2-build/CMakeFiles/CMakeTmp

Run Build Command:"/usr/bin/make" "cmTC_09341/fast"
make[3]: Entering directory '/home/swc/ChatSocket/Server/build/nghttp2-prefix/src/nghttp2-build/CMakeFiles/CMakeTmp'
/usr/bin/make -f CMakeFiles/cmTC_09341.dir/build.make CMakeFiles/cmTC_09341.dir/build
make[4]: Entering directory '/home/swc/ChatSocket/Server/build/nghttp2-prefix/src/nghttp2-build/CMakeFiles/CMakeTmp'
Building C object CMakeFiles/cmTC_09341.dir/src.c.o
/usr/bin/cc    -DC_FLAG__Wshorten_64_to_32   -Wshorten-64-to-32 -o CMakeFiles/cmTC_09341.dir/src.c.o   -c /home/swc/ChatSocket/Server/build/nghttp2-prefix/src/nghttp2-build/CMakeFiles/CMakeTmp/src.c
cc: error: unrecognized command line option '-Wshorten-64-to-32'
CMakeFiles/cmTC_09341.dir/build.make:65: recipe for target 'CMakeFiles/cmTC_09341.dir/src.c.o' failed
make[4]: *** [CMakeFiles/cmTC_09341.dir/src.c.o] Error 1
make[4]: Leaving directory '/home/swc/ChatSocket/Server/build/nghttp2-prefix/src/nghttp2-build/CMakeFiles/CMakeTmp'
Makefile:126: recipe for target 'cmTC_09341/fast' failed
make[3]: *** [cmTC_09341/fast] Error 2
make[3]: Leaving directory '/home/swc/ChatSocket/Server/build/nghttp2-prefix/src/nghttp2-build/CMakeFiles/CMakeTmp'

Source file was:
int main(void) { return 0; }
Performing C SOURCE FILE Test C_FLAG__Wextended_offsetof failed with the following output:
Change Dir: /home/swc/ChatSocket/Server/build/nghttp2-prefix/src/nghttp2-build/CMakeFiles/CMakeTmp

Run Build Command:"/usr/bin/make" "cmTC_e5bd2/fast"
make[3]: Entering directory '/home/swc/ChatSocket/Server/build/nghttp2-prefix/src/nghttp2-build/CMakeFiles/CMakeTmp'
/usr/bin/make -f CMakeFiles/cmTC_e5bd2.dir/build.make CMakeFiles/cmTC_e5bd2.dir/build
make[4]: Entering directory '/home/swc/ChatSocket/Server/build/nghttp2-prefix/src/nghttp2-build/CMakeFiles/CMakeTmp'
Building C object CMakeFiles/cmTC_e5bd2.dir/src.c.o
/usr/bin/cc    -DC_FLAG__Wextended_offsetof   -Wextended-offsetof -o CMakeFiles/cmTC_e5bd2.dir/src.c.o   -c /home/swc/ChatSocket/Server/build/nghttp2-prefix/src/nghttp2-build/CMakeFiles/CMakeTmp/src.c
cc: error: unrecognized command line option '-Wextended-offsetof'; did you mean '-Winvalid-offsetof'?
CMakeFiles/cmTC_e5bd2.dir/build.make:65: recipe for target 'CMakeFiles/cmTC_e5bd2.dir/src.c.o' failed
make[4]: *** [CMakeFiles/cmTC_e5bd2.dir/src.c.o] Error 1
make[4]: Leaving directory '/home/swc/ChatSocket/Server/build/nghttp2-prefix/src/nghttp2-build/CMakeFiles/CMakeTmp'
Makefile:126: recipe for target 'cmTC_e5bd2/fast' failed
make[3]: *** [cmTC_e5bd2/fast] Error 2
make[3]: Leaving directory '/home/swc/ChatSocket/Server/build/nghttp2-prefix/src/nghttp2-build/CMakeFiles/CMakeTmp'

Source file was:
int main(void) { return 0; }
Performing C SOURCE FILE Test C_FLAG__Wlanguage_extension_token failed with the following output:
Change Dir: /home/swc/ChatSocket/Server/build/nghttp2-prefix/src/nghttp2-build/CMakeFiles/CMakeTmp

Run Build Command:"/usr/bin/make" "cmTC_f7c37/fast"
make[3]: Entering directory '/home/swc/ChatSocket/Server/build/nghttp2-prefix/src/nghttp2-build/CMakeFiles/CMakeTmp'
/usr/bin/make -f CMakeFiles/cmTC_f7c37.dir/build.make CMakeFiles/cmTC_f7c37.dir/build
make[4]: Entering directory '/home/swc/ChatSocket/Server/build/nghttp2-prefix/src/nghttp2-build/CMakeFiles/CMakeTmp'
Building C object CMakeFiles/cmTC_f7c37.dir/src.c.o
/usr/bin/cc    -DC_FLAG__Wlanguage_extension_token   -Wlanguage-extension-token -o CMakeFiles/cmTC_f7c37.dir/src.c.o   -c /home/swc/ChatSocket/Server/build/nghttp2-prefix/src/nghttp2-build/CMakeFiles/CMakeTmp/src.c
cc: error: unrecognized command line option '-Wlanguage-extension-token'
CMakeFiles/cmTC_f7c37.dir/build.make:65: recipe for target 'CMakeFiles/cmTC_f7c37.dir/src.c.o' failed
make[4]: *** [CMakeFiles/cmTC_f7c37.dir/src.c.o] Error 1
make[4]: Leaving directory '/home/swc/ChatSocket/Server/build/nghttp2-prefix/src/nghttp2-build/CMakeFiles/CMakeTmp'
Makefile:126: recipe for target 'cmTC_f7c37/fast' failed
make[3]: *** [cmTC_f7c37/fast] Error 2
make[3]: Leaving directory '/home/swc/ChatSocket/Server/build/nghttp2-prefix/src/nghttp2-build/CMakeFiles/CMakeTmp'

Source file was:
int main(void) { return 0; }
Performing C SOURCE FILE Test C_FLAG__Wmissing_variable_declarations failed with the following output:
Change Dir: /home/swc/ChatSocket/Server/build/nghttp2-prefix/src/nghttp2-build/CMakeFiles/CMakeTmp

Run Build Command:"/usr/bin/make" "cmTC_621a6/fast"
make[3]: Entering directory '/home/swc/ChatSocket/Server/build/nghttp2-prefix/src/nghttp2-build/CMakeFiles/CMakeTmp'
/usr/bin/make -f CMakeFiles/cmTC_621a6.dir/build.make CMakeFiles/cmTC_621a6.dir/build
make[4]: Entering directory '/home/swc/ChatSocket/Server/build/nghttp2-prefix/src/nghttp2-build/CMakeFiles/CMakeTmp'
Building C object CMakeFiles/cmTC_621a6.dir/src.c.o
/usr/bin/cc    -DC_FLAG__Wmissing_variable_declarations   -Wmissing-variable-declarations -o CMakeFiles/cmTC_621a6.dir/src.c.o   -c /home/swc/ChatSocket/Server/build/nghttp2-prefix/src/nghttp2-build/CMakeFiles/CMakeTmp/src.c
cc: error: unrecognized command line option '-Wmissing-variable-declarations'; did you mean '-Wmissing-declarations'?
CMakeFiles/cmTC_621a6.dir/build.make:65: recipe for target 'CMakeFiles/cmTC_621a6.dir/src.c.o' failed
make[4]: *** [CMakeFiles/cmTC_621a6.dir/src.c.o] Error 1
make[4]: Leaving directory '/home/swc/ChatSocket/Server/build/nghttp2-prefix/src/nghttp2-build/CMakeFiles/CMakeTmp'
Makefile:126: recipe for target 'cmTC_621a6/fast' failed
make[3]: *** [cmTC_621a6/fast] Error 2
make[3]: Leaving directory '/home/swc/ChatSocket/Server/build/nghttp2-prefix/src/nghttp2-build/CMakeFiles/CMakeTmp'

Source file was:
int main(void) { return 0; }
Performing C SOURCE FILE Test C_FLAG__Wunreachable_code_break failed with the following output:
Change Dir: /home/swc/ChatSocket/Server/build/nghttp2-prefix/src/nghttp2-build/CMakeFiles/CMakeTmp

Run Build Command:"/usr/bin/make" "cmTC_f7430/fast"
make[3]: Entering directory '/home/swc/ChatSocket/Server/build/nghttp2-prefix/src/nghttp2-build/CMakeFiles/CMakeTmp'
/usr/bin/make -f CMakeFiles/cmTC_f7430.dir/build.make CMakeFiles/cmTC_f7430.dir/build
make[4]: Entering directory '/home/swc/ChatSocket/Server/build/nghttp2-prefix/src/nghttp2-build/CMakeFiles/CMakeTmp'
Building C object CMakeFiles/cmTC_f7430.dir/src.c.o
/usr/bin/cc    -DC_FLAG__Wunreachable_code_break   -Wunreachable-code-break -o CMakeFiles/cmTC_f7430.dir/src.c.o   -c /home/swc/ChatSocket/Server/build/nghttp2-prefix/src/nghttp2-build/CMakeFiles/CMakeTmp/src.c
cc: error: unrecognized command line option '-Wunreachable-code-break'; did you mean '-Wunreachable-code'?
CMakeFiles/cmTC_f7430.dir/build.make:65: recipe for target 'CMakeFiles/cmTC_f7430.dir/src.c.o' failed
make[4]: *** [CMakeFiles/cmTC_f7430.dir/src.c.o] Error 1
make[4]: Leaving directory '/home/swc/ChatSocket/Server/build/nghttp2-prefix/src/nghttp2-build/CMakeFiles/CMakeTmp'
Makefile:126: recipe for target 'cmTC_f7430/fast' failed
make[3]: *** [cmTC_f7430/fast] Error 2
make[3]: Leaving directory '/home/swc/ChatSocket/Server/build/nghttp2-prefix/src/nghttp2-build/CMakeFiles/CMakeTmp'

Source file was:
int main(void) { return 0; }
Performing C SOURCE FILE Test C_FLAG__Wheader_guard failed with the following output:
Change Dir: /home/swc/ChatSocket/Server/build/nghttp2-prefix/src/nghttp2-build/CMakeFiles/CMakeTmp

Run Build Command:"/usr/bin/make" "cmTC_31270/fast"
make[3]: Entering directory '/home/swc/ChatSocket/Server/build/nghttp2-prefix/src/nghttp2-build/CMakeFiles/CMakeTmp'
/usr/bin/make -f CMakeFiles/cmTC_31270.dir/build.make CMakeFiles/cmTC_31270.dir/build
make[4]: Entering directory '/home/swc/ChatSocket/Server/build/nghttp2-prefix/src/nghttp2-build/CMakeFiles/CMakeTmp'
Building C object CMakeFiles/cmTC_31270.dir/src.c.o
/usr/bin/cc    -DC_FLAG__Wheader_guard   -Wheader-guard -o CMakeFiles/cmTC_31270.dir/src.c.o   -c /home/swc/ChatSocket/Server/build/nghttp2-prefix/src/nghttp2-build/CMakeFiles/CMakeTmp/src.c
cc: error: unrecognized command line option '-Wheader-guard'
CMakeFiles/cmTC_31270.dir/build.make:65: recipe for target 'CMakeFiles/cmTC_31270.dir/src.c.o' failed
make[4]: *** [CMakeFiles/cmTC_31270.dir/src.c.o] Error 1
make[4]: Leaving directory '/home/swc/ChatSocket/Server/build/nghttp2-prefix/src/nghttp2-build/CMakeFiles/CMakeTmp'
Makefile:126: recipe for target 'cmTC_31270/fast' failed
make[3]: *** [cmTC_31270/fast] Error 2
make[3]: Leaving directory '/home/swc/ChatSocket/Server/build/nghttp2-prefix/src/nghttp2-build/CMakeFiles/CMakeTmp'

Source file was:
int main(void) { return 0; }
